This is XeTeX, Version 3.14159265-2.6-0.99991 (TeX Live 2014) (preloaded format=xelatex 2019.3.30)  16 MAY 2020 00:00
entering extended mode
 restricted \write18 enabled.
 %&-line parsing enabled.
**thesis.tex
(./thesis.tex
LaTeX2e <2011/06/27>
Babel <3.9k> and hyphenation patterns for 77 languages loaded.
(./Latex/Classes/PhDthesisPSnPDF.cls
Document Class: Latex/Classes/PhDthesisPSnPDF 2007/09/06 v2 PhD thesis class
(/usr/share/texlive/texmf-dist/tex/latex/base/book.cls
Document Class: book 2007/10/19 v1.4h Standard LaTeX document class
(/usr/share/texlive/texmf-dist/tex/latex/base/bk11.clo
File: bk11.clo 2007/10/19 v1.4h Standard LaTeX file (size option)
)
\c@part=\count80
\c@chapter=\count81
\c@section=\count82
\c@subsection=\count83
\c@subsubsection=\count84
\c@paragraph=\count85
\c@subparagraph=\count86
\c@figure=\count87
\c@table=\count88
\abovecaptionskip=\skip41
\belowcaptionskip=\skip42
\bibindent=\dimen102
)
(/usr/share/texlive/texmf-dist/tex/latex/amsfonts/amssymb.sty
Package: amssymb 2013/01/14 v3.01 AMS font symbols

(/usr/share/texlive/texmf-dist/tex/latex/amsfonts/amsfonts.sty
Package: amsfonts 2013/01/14 v3.01 Basic AMSFonts support
\@emptytoks=\toks14
\symAMSa=\mathgroup4
\symAMSb=\mathgroup5
LaTeX Font Info:    Overwriting math alphabet `\mathfrak' in version `bold'
(Font)                  U/euf/m/n --> U/euf/b/n on input line 106.
))
(/usr/share/texlive/texmf-dist/tex/latex/graphics/graphics.sty
Package: graphics 2009/02/05 v1.0o Standard LaTeX Graphics (DPC,SPQR)

(/usr/share/texlive/texmf-dist/tex/latex/graphics/trig.sty
Package: trig 1999/03/16 v1.09 sin cos tan (DPC)
)
(/usr/share/texlive/texmf-dist/tex/latex/latexconfig/graphics.cfg
File: graphics.cfg 2010/04/23 v1.9 graphics configuration of TeX Live
)
Package graphics Info: Driver file: xetex.def on input line 91.

(/usr/share/texlive/texmf-dist/tex/xelatex/xetex-def/xetex.def
File: xetex.def 2014/04/07 v0.99 LaTeX color/graphics driver for XeTeX (RRM/JK)

))
(/usr/share/texlive/texmf-dist/tex/latex/caption/caption.sty
Package: caption 2013/05/02 v3.3-89 Customizing captions (AR)

(/usr/share/texlive/texmf-dist/tex/latex/caption/caption3.sty
Package: caption3 2013/05/02 v1.6-88 caption3 kernel (AR)
Package caption3 Info: TeX engine: e-TeX on input line 57.

(/usr/share/texlive/texmf-dist/tex/latex/graphics/keyval.sty
Package: keyval 1999/03/16 v1.13 key=value parser (DPC)
\KV@toks@=\toks15
)
\captionmargin=\dimen103
\captionmargin@=\dimen104
\captionwidth=\dimen105
\caption@tempdima=\dimen106
\caption@indent=\dimen107
\caption@parindent=\dimen108
\caption@hangindent=\dimen109
)
\c@ContinuedFloat=\count89
)
(/usr/share/texlive/texmf-dist/tex/latex/fancyhdr/fancyhdr.sty
\fancy@headwidth=\skip43
\f@ncyO@elh=\skip44
\f@ncyO@erh=\skip45
\f@ncyO@olh=\skip46
\f@ncyO@orh=\skip47
\f@ncyO@elf=\skip48
\f@ncyO@erf=\skip49
\f@ncyO@olf=\skip50
\f@ncyO@orf=\skip51
)
(/usr/share/texlive/texmf-dist/tex/latex/amsfonts/eucal.sty
Package: eucal 2009/06/22 v3.00 Euler Script fonts
LaTeX Font Info:    Overwriting math alphabet `\EuScript' in version `bold'
(Font)                  U/eus/m/n --> U/eus/b/n on input line 33.
)
(/usr/share/texlive/texmf-dist/tex/generic/babel/babel.sty
Package: babel 2014/03/24 3.9k The Babel package

(/usr/share/texlive/texmf-dist/tex/generic/babel-english/english.ldf
Language: english 2012/08/20 v3.3p English support from the babel system

(/usr/share/texlive/texmf-dist/tex/generic/babel/babel.def
File: babel.def 2014/03/24 3.9k Babel common definitions
\babel@savecnt=\count90
\U@D=\dimen110

(/usr/share/texlive/texmf-dist/tex/generic/babel/xebabel.def))
\l@canadian = a dialect from \language\l@american 
\l@australian = a dialect from \language\l@british 
\l@newzealand = a dialect from \language\l@british 
))
(/usr/share/texlive/texmf-dist/tex/latex/graphics/color.sty
Package: color 2005/11/14 v1.0j Standard LaTeX Color (DPC)

(/usr/share/texlive/texmf-dist/tex/latex/latexconfig/color.cfg
File: color.cfg 2007/01/18 v1.5 color configuration of teTeX/TeXLive
)
Package color Info: Driver file: xetex.def on input line 130.

(/usr/share/texlive/texmf-dist/tex/latex/graphics/dvipsnam.def
File: dvipsnam.def 1999/02/16 v3.0i Driver-dependant file (DPC,SPQR)
))
(/usr/share/texlive/texmf-dist/tex/latex/footmisc/footmisc.sty
Package: footmisc 2011/06/06 v5.5b a miscellany of footnote facilities
\FN@temptoken=\toks16
\footnotemargin=\dimen111
\c@pp@next@reset=\count91
\c@@fnserial=\count92
Package footmisc Info: Declaring symbol style bringhurst on input line 855.
Package footmisc Info: Declaring symbol style chicago on input line 863.
Package footmisc Info: Declaring symbol style wiley on input line 872.
Package footmisc Info: Declaring symbol style lamport-robust on input line 883.

Package footmisc Info: Declaring symbol style lamport* on input line 903.
Package footmisc Info: Declaring symbol style lamport*-robust on input line 924
.
)
(/usr/share/texlive/texmf-dist/tex/latex/natbib/natbib.sty
Package: natbib 2010/09/13 8.31b (PWD, AO)
\bibhang=\skip52
\bibsep=\skip53
LaTeX Info: Redefining \cite on input line 694.
\c@NAT@ctr=\count93
)
(/usr/share/texlive/texmf-dist/tex/latex/base/ifthen.sty
Package: ifthen 2001/05/26 v1.1c Standard LaTeX ifthen package (DPC)
)
(/usr/share/texlive/texmf-dist/tex/latex/tools/multicol.sty
Package: multicol 2011/06/27 v1.7a multicolumn formatting (FMi)
\c@tracingmulticols=\count94
\mult@box=\box26
\multicol@leftmargin=\dimen112
\c@unbalance=\count95
\c@collectmore=\count96
\doublecol@number=\count97
\multicoltolerance=\count98
\multicolpretolerance=\count99
\full@width=\dimen113
\page@free=\dimen114
\premulticols=\dimen115
\postmulticols=\dimen116
\multicolsep=\skip54
\multicolbaselineskip=\skip55
\partial@page=\box27
\last@line=\box28
\mult@rightbox=\box29
\mult@grightbox=\box30
\mult@gfirstbox=\box31
\mult@firstbox=\box32
\@tempa=\box33
\@tempa=\box34
\@tempa=\box35
\@tempa=\box36
\@tempa=\box37
\@tempa=\box38
\@tempa=\box39
\@tempa=\box40
\@tempa=\box41
\@tempa=\box42
\@tempa=\box43
\@tempa=\box44
\@tempa=\box45
\@tempa=\box46
\@tempa=\box47
\@tempa=\box48
\@tempa=\box49
\c@columnbadness=\count100
\c@finalcolumnbadness=\count101
\last@try=\dimen117
\multicolovershoot=\dimen118
\multicolundershoot=\dimen119
\mult@nat@firstbox=\box50
\colbreak@box=\box51
\multicol@sort@counter=\count102
)
(/usr/share/texlive/texmf-dist/tex/latex/tocbibind/tocbibind.sty
Package: tocbibind 2010/10/13 v1.5k extra ToC listings
Package tocbibind Info: The document has chapter divisions on input line 50.


Package tocbibind Note: Using chapter style headings, unless overridden.

) (/usr/share/texlive/texmf-dist/tex/latex/nomencl/nomencl.sty
Package: nomencl 2005/09/22 v4.2 Nomenclature package (LN)
\nomlabelwidth=\dimen120
\nom@tempdim=\dimen121
\nomitemsep=\skip56
)
\@nomenclaturefile=\write3
\openout3 = `thesis.nlo'.


Writing nomenclature file thesis.nlo
(/usr/share/texlive/texmf-dist/tex/generic/oberdiek/ifpdf.sty
Package: ifpdf 2011/01/30 v2.3 Provides the ifpdf switch (HO)
Package ifpdf Info: pdfTeX in PDF mode is not detected.
)
(/usr/share/texlive/texmf-dist/tex/latex/hyperref/hyperref.sty
Package: hyperref 2012/11/06 v6.83m Hypertext links for LaTeX

(/usr/share/texlive/texmf-dist/tex/generic/oberdiek/hobsub-hyperref.sty
Package: hobsub-hyperref 2012/05/28 v1.13 Bundle oberdiek, subset hyperref (HO)


(/usr/share/texlive/texmf-dist/tex/generic/oberdiek/hobsub-generic.sty
Package: hobsub-generic 2012/05/28 v1.13 Bundle oberdiek, subset generic (HO)
Package: hobsub 2012/05/28 v1.13 Construct package bundles (HO)
Package: infwarerr 2010/04/08 v1.3 Providing info/warning/error messages (HO)
Package: ltxcmds 2011/11/09 v1.22 LaTeX kernel commands for general use (HO)
Package: ifluatex 2010/03/01 v1.3 Provides the ifluatex switch (HO)
Package ifluatex Info: LuaTeX not detected.
Package: ifvtex 2010/03/01 v1.5 Detect VTeX and its facilities (HO)
Package ifvtex Info: VTeX not detected.
Package: intcalc 2007/09/27 v1.1 Expandable calculations with integers (HO)
Package hobsub Info: Skipping package `ifpdf' (already loaded).
Package: etexcmds 2011/02/16 v1.5 Avoid name clashes with e-TeX commands (HO)
Package etexcmds Info: Could not find \expanded.
(etexcmds)             That can mean that you are not using pdfTeX 1.50 or
(etexcmds)             that some package has redefined \expanded.
(etexcmds)             In the latter case, load this package earlier.
Package: kvsetkeys 2012/04/25 v1.16 Key value parser (HO)
Package: kvdefinekeys 2011/04/07 v1.3 Define keys (HO)
Package: pdftexcmds 2011/11/29 v0.20 Utility functions of pdfTeX for LuaTeX (HO
)
Package pdftexcmds Info: LuaTeX not detected.
Package pdftexcmds Info: pdfTeX >= 1.30 not detected.
Package pdftexcmds Info: \pdf@primitive is available.
Package pdftexcmds Info: \pdf@ifprimitive is available.
Package pdftexcmds Info: \pdfdraftmode not found.
Package: pdfescape 2011/11/25 v1.13 Implements pdfTeX's escape features (HO)
Package: bigintcalc 2012/04/08 v1.3 Expandable calculations on big integers (HO
)
Package: bitset 2011/01/30 v1.1 Handle bit-vector datatype (HO)
Package: uniquecounter 2011/01/30 v1.2 Provide unlimited unique counter (HO)
)
Package hobsub Info: Skipping package `hobsub' (already loaded).
Package: letltxmacro 2010/09/02 v1.4 Let assignment for LaTeX macros (HO)
Package: hopatch 2012/05/28 v1.2 Wrapper for package hooks (HO)
Package: xcolor-patch 2011/01/30 xcolor patch
Package: atveryend 2011/06/30 v1.8 Hooks at the very end of document (HO)
Package atveryend Info: \enddocument detected (standard20110627).
Package: atbegshi 2011/10/05 v1.16 At begin shipout hook (HO)
Package: refcount 2011/10/16 v3.4 Data extraction from label references (HO)
Package: hycolor 2011/01/30 v1.7 Color options for hyperref/bookmark (HO)
)
(/usr/share/texlive/texmf-dist/tex/generic/ifxetex/ifxetex.sty
Package: ifxetex 2010/09/12 v0.6 Provides ifxetex conditional
)
(/usr/share/texlive/texmf-dist/tex/latex/oberdiek/auxhook.sty
Package: auxhook 2011/03/04 v1.3 Hooks for auxiliary files (HO)
)
(/usr/share/texlive/texmf-dist/tex/latex/oberdiek/kvoptions.sty
Package: kvoptions 2011/06/30 v3.11 Key value format for package options (HO)
)
\@linkdim=\dimen122
\Hy@linkcounter=\count103
\Hy@pagecounter=\count104

(/usr/share/texlive/texmf-dist/tex/latex/hyperref/pd1enc.def
File: pd1enc.def 2012/11/06 v6.83m Hyperref: PDFDocEncoding definition (HO)
)
\Hy@SavedSpaceFactor=\count105

(/usr/share/texlive/texmf-dist/tex/latex/latexconfig/hyperref.cfg
File: hyperref.cfg 2002/06/06 v1.2 hyperref configuration of TeXLive
)

! Package hyperref Error: Wrong DVI mode driver option `dvips',
(hyperref)                because XeTeX is running.

See the hyperref package documentation for explanation.
Type  H <return>  for immediate help.
 ...                                              
                                                  
l.4319 \ProcessKeyvalOptions{Hyp}
                                 
Try typing  <return>  to proceed.
If that doesn't work, type  X <return>  to quit.

Package hyperref Info: Option `bookmarks' set `true' on input line 4319.
Package hyperref Info: Option `bookmarksopen' set `true' on input line 4319.
Package hyperref Info: Option `bookmarksnumbered' set `true' on input line 4319
.
Package hyperref Info: Option `breaklinks' set `true' on input line 4319.
Package hyperref Info: Option `linktocpage' set `true' on input line 4319.
Package hyperref Info: Option `colorlinks' set `true' on input line 4319.
Package hyperref Info: Option `hyperindex' set `true' on input line 4319.
Package hyperref Info: Option `hyperfigures' set `true' on input line 4319.
Package hyperref Info: Hyper figures ON on input line 4441.
Package hyperref Info: Link nesting OFF on input line 4448.
Package hyperref Info: Hyper index ON on input line 4451.
Package hyperref Info: Plain pages OFF on input line 4458.
Package hyperref Info: Backreferencing ON on input line 4461.
Package hyperref Info: Implicit mode ON; LaTeX internals redefined.
Package hyperref Info: Bookmarks ON on input line 4688.
(/usr/share/texlive/texmf-dist/tex/latex/hyperref/backref.sty
Package: backref 2012/07/25 v1.38 Bibliographical back referencing

(/usr/share/texlive/texmf-dist/tex/latex/oberdiek/rerunfilecheck.sty
Package: rerunfilecheck 2011/04/15 v1.7 Rerun checks for auxiliary files (HO)
Package rerunfilecheck Info: Feature \pdfmdfivesum is not available
(rerunfilecheck)             (e.g. pdfTeX or LuaTeX with package `pdftexcmds').

(rerunfilecheck)             Therefore file contents cannot be checked efficien
tly
(rerunfilecheck)             and the loading of the package is aborted.
))
\c@Hy@tempcnt=\count106

(/usr/share/texlive/texmf-dist/tex/latex/url/url.sty
\Urlmuskip=\muskip10
Package: url 2013/09/16  ver 3.4  Verb mode for urls, etc.
)
LaTeX Info: Redefining \url on input line 5041.
\XeTeXLinkMargin=\dimen123
\Fld@menulength=\count107
\Field@Width=\dimen124
\Fld@charsize=\dimen125
Package hyperref Info: Hyper figures ON on input line 6293.
Package hyperref Info: Link nesting OFF on input line 6300.
Package hyperref Info: Hyper index ON on input line 6303.
Package hyperref Info: backreferencing ON on input line 6308.
Package hyperref Info: Link coloring ON on input line 6313.
Package hyperref Info: Link coloring with OCG OFF on input line 6320.
Package hyperref Info: PDF/A mode OFF on input line 6325.
LaTeX Info: Redefining \ref on input line 6365.
LaTeX Info: Redefining \pageref on input line 6369.
\Hy@abspage=\count108
\c@Item=\count109
\c@Hfootnote=\count110
)

Package hyperref Message: Driver (autodetected): hxetex.

(/usr/share/texlive/texmf-dist/tex/latex/hyperref/hxetex.def
File: hxetex.def 2012/11/06 v6.83m Hyperref driver for XeTeX

(/usr/share/texlive/texmf-dist/tex/latex/hyperref/puenc.def
File: puenc.def 2012/11/06 v6.83m Hyperref: PDF Unicode definition (HO)
)
(/usr/share/texlive/texmf-dist/tex/generic/oberdiek/stringenc.sty
Package: stringenc 2011/12/02 v1.10 Convert strings between diff. encodings (HO
)
)
\pdfm@box=\box52
\c@Hy@AnnotLevel=\count111
\HyField@AnnotCount=\count112
\Fld@listcount=\count113
\c@bookmark@seq@number=\count114
\Hy@SectionHShift=\skip57
)
(/usr/share/texlive/texmf-dist/tex/latex/graphics/epsfig.sty
Package: epsfig 1999/02/16 v1.7a (e)psfig emulation (SPQR)

(/usr/share/texlive/texmf-dist/tex/latex/graphics/graphicx.sty
Package: graphicx 1999/02/16 v1.0f Enhanced LaTeX Graphics (DPC,SPQR)
\Gin@req@height=\dimen126
\Gin@req@width=\dimen127
)
\epsfxsize=\dimen128
\epsfysize=\dimen129
))
\@input{Latex/Macros/MacroFile1.aux}
\openout2 = `Latex/Macros/MacroFile1.aux'.

(./Latex/Macros/MacroFile1.tex)
(/usr/share/texlive/texmf-dist/tex/latex/amscls/amsthm.sty
Package: amsthm 2004/08/06 v2.20
\thm@style=\toks17
\thm@bodyfont=\toks18
\thm@headfont=\toks19
\thm@notefont=\toks20
\thm@headpunct=\toks21
\thm@preskip=\skip58
\thm@postskip=\skip59
\thm@headsep=\skip60
\dth@everypar=\toks22
)
(/usr/share/texlive/texmf-dist/tex/latex/amsmath/amsmath.sty
Package: amsmath 2013/01/14 v2.14 AMS math features
\@mathmargin=\skip61

For additional information on amsmath, use the `?' option.
(/usr/share/texlive/texmf-dist/tex/latex/amsmath/amstext.sty
Package: amstext 2000/06/29 v2.01

(/usr/share/texlive/texmf-dist/tex/latex/amsmath/amsgen.sty
File: amsgen.sty 1999/11/30 v2.0
\@emptytoks=\toks23
\ex@=\dimen130
))
(/usr/share/texlive/texmf-dist/tex/latex/amsmath/amsbsy.sty
Package: amsbsy 1999/11/29 v1.2d
\pmbraise@=\dimen131
)
(/usr/share/texlive/texmf-dist/tex/latex/amsmath/amsopn.sty
Package: amsopn 1999/12/14 v2.01 operator names
)
\inf@bad=\count115
LaTeX Info: Redefining \frac on input line 210.
\uproot@=\count116
\leftroot@=\count117
LaTeX Info: Redefining \overline on input line 306.
\classnum@=\count118
\DOTSCASE@=\count119
LaTeX Info: Redefining \ldots on input line 378.
LaTeX Info: Redefining \dots on input line 381.
LaTeX Info: Redefining \cdots on input line 466.
\Mathstrutbox@=\box53
\strutbox@=\box54
\big@size=\dimen132
LaTeX Font Info:    Redeclaring font encoding OML on input line 566.
LaTeX Font Info:    Redeclaring font encoding OMS on input line 567.
\macc@depth=\count120
\c@MaxMatrixCols=\count121
\dotsspace@=\muskip11
\c@parentequation=\count122
\dspbrk@lvl=\count123
\tag@help=\toks24
\row@=\count124
\column@=\count125
\maxfields@=\count126
\andhelp@=\toks25
\eqnshift@=\dimen133
\alignsep@=\dimen134
\tagshift@=\dimen135
\tagwidth@=\dimen136
\totwidth@=\dimen137
\lineht@=\dimen138
\@envbody=\toks26
\multlinegap=\skip62
\multlinetaggap=\skip63
\mathdisplay@stack=\toks27
LaTeX Info: Redefining \[ on input line 2665.
LaTeX Info: Redefining \] on input line 2666.
)
(/usr/share/texlive/texmf-dist/tex/latex/booktabs/booktabs.sty
Package: booktabs 2005/04/14 v1.61803 publication quality tables
\heavyrulewidth=\dimen139
\lightrulewidth=\dimen140
\cmidrulewidth=\dimen141
\belowrulesep=\dimen142
\belowbottomsep=\dimen143
\aboverulesep=\dimen144
\abovetopsep=\dimen145
\cmidrulesep=\dimen146
\cmidrulekern=\dimen147
\defaultaddspace=\dimen148
\@cmidla=\count127
\@cmidlb=\count128
\@aboverulesep=\dimen149
\@belowrulesep=\dimen150
\@thisruleclass=\count129
\@lastruleclass=\count130
\@thisrulewidth=\dimen151
)
(/usr/share/texlive/texmf-dist/tex/latex/multirow/multirow.sty
\bigstrutjot=\dimen152
)
(/usr/share/texlive/texmf-dist/tex/latex/appendix/appendix.sty
Package: appendix 2009/09/02 v1.2b extra appendix facilities
\c@@pps=\count131
\c@@ppsavesec=\count132
\c@@ppsaveapp=\count133
)
(/usr/share/texlive/texmf-dist/tex/latex/caption/subcaption.sty
Package: subcaption 2013/02/03 v1.1-62 Sub-captions (AR)
\c@subfigure=\count134
\c@subtable=\count135
)
(/usr/share/texlive/texmf-dist/tex/latex/float/float.sty
Package: float 2001/11/08 v1.3d Float enhancements (AL)
\c@float@type=\count136
\float@exts=\toks28
\float@box=\box55
\@float@everytoks=\toks29
\@floatcapt=\box56
)
\@float@every@table=\toks30

(/usr/share/texlive/texmf-dist/tex/latex/framed/framed.sty
Package: framed 2011/10/22 v 0.96: framed or shaded text with page breaks
\OuterFrameSep=\skip64
\fb@frw=\dimen153
\fb@frh=\dimen154
\FrameRule=\dimen155
\FrameSep=\dimen156
)
(/usr/share/texlive/texmf-dist/tex/latex/enumitem/enumitem.sty
Package: enumitem 2011/09/28 v3.5.2 Customized lists
\labelindent=\skip65
\enit@outerparindent=\dimen157
\enit@toks=\toks31
\enit@inbox=\box57
\enitdp@description=\count137
)

LaTeX Warning: Unused global option(s):
    [dvips].

(./thesis.aux (./title_page/stardard_page.aux) (./0_frontmatter/abstract.aux)
(./0_frontmatter/acknowledgement.aux) (./1_introduction/introduction.aux)
(./2/stateofart.aux) (./3/researchquestion.aux) (./3/contributions.aux)
(./4/casestudies.aux

LaTeX Warning: Label `fig:t3' multiply defined.


LaTeX Warning: Label `sub@fig:t3' multiply defined.


LaTeX Warning: Label `fig:t4' multiply defined.


LaTeX Warning: Label `sub@fig:t4' multiply defined.


LaTeX Warning: Label `fig:tw2' multiply defined.


LaTeX Warning: Label `sub@fig:tw2' multiply defined.

) (./5/conclusions.aux)

LaTeX Warning: Label `fig:b12di' multiply defined.


LaTeX Warning: Label `sub@fig:b12di' multiply defined.


LaTeX Warning: Label `fig:b151i' multiply defined.


LaTeX Warning: Label `sub@fig:b151i' multiply defined.


LaTeX Warning: Label `fig:b17ai' multiply defined.


LaTeX Warning: Label `sub@fig:b17ai' multiply defined.


LaTeX Warning: Label `fig:b17ci' multiply defined.


LaTeX Warning: Label `sub@fig:b17ci' multiply defined.


LaTeX Warning: Label `fig:sepsisi' multiply defined.


LaTeX Warning: Label `sub@fig:sepsisi' multiply defined.


LaTeX Warning: Label `fig:b11i' multiply defined.


LaTeX Warning: Label `sub@fig:b11i' multiply defined.


LaTeX Warning: Label `fig:b12ai' multiply defined.


LaTeX Warning: Label `sub@fig:b12ai' multiply defined.


LaTeX Warning: Label `fig:b12ci' multiply defined.


LaTeX Warning: Label `sub@fig:b12ci' multiply defined.


LaTeX Warning: Label `fig:b17ri' multiply defined.


LaTeX Warning: Label `sub@fig:b17ri' multiply defined.


LaTeX Warning: Label `fig:proi' multiply defined.


LaTeX Warning: Label `sub@fig:proi' multiply defined.


LaTeX Warning: Label `fig:b12di' multiply defined.


LaTeX Warning: Label `sub@fig:b12di' multiply defined.


LaTeX Warning: Label `fig:b151i' multiply defined.


LaTeX Warning: Label `sub@fig:b151i' multiply defined.


LaTeX Warning: Label `fig:b17ai' multiply defined.


LaTeX Warning: Label `sub@fig:b17ai' multiply defined.


LaTeX Warning: Label `fig:b17ci' multiply defined.


LaTeX Warning: Label `sub@fig:b17ci' multiply defined.


LaTeX Warning: Label `fig:sepsisi' multiply defined.


LaTeX Warning: Label `sub@fig:sepsisi' multiply defined.


LaTeX Warning: Label `fig:b11i' multiply defined.


LaTeX Warning: Label `sub@fig:b11i' multiply defined.


LaTeX Warning: Label `fig:b12ai' multiply defined.


LaTeX Warning: Label `sub@fig:b12ai' multiply defined.


LaTeX Warning: Label `fig:b12ci' multiply defined.


LaTeX Warning: Label `sub@fig:b12ci' multiply defined.


LaTeX Warning: Label `fig:b17ri' multiply defined.


LaTeX Warning: Label `sub@fig:b17ri' multiply defined.


LaTeX Warning: Label `fig:proi' multiply defined.


LaTeX Warning: Label `sub@fig:proi' multiply defined.


LaTeX Warning: Label `fig:b12di' multiply defined.


LaTeX Warning: Label `sub@fig:b12di' multiply defined.


LaTeX Warning: Label `fig:b151i' multiply defined.


LaTeX Warning: Label `sub@fig:b151i' multiply defined.


LaTeX Warning: Label `fig:b17ai' multiply defined.


LaTeX Warning: Label `sub@fig:b17ai' multiply defined.


LaTeX Warning: Label `fig:b17ci' multiply defined.


LaTeX Warning: Label `sub@fig:b17ci' multiply defined.


LaTeX Warning: Label `fig:sepsisi' multiply defined.


LaTeX Warning: Label `sub@fig:sepsisi' multiply defined.


LaTeX Warning: Label `fig:b11i' multiply defined.


LaTeX Warning: Label `sub@fig:b11i' multiply defined.


LaTeX Warning: Label `fig:b12ai' multiply defined.


LaTeX Warning: Label `sub@fig:b12ai' multiply defined.


LaTeX Warning: Label `fig:b12ci' multiply defined.


LaTeX Warning: Label `sub@fig:b12ci' multiply defined.


LaTeX Warning: Label `fig:b17ri' multiply defined.


LaTeX Warning: Label `sub@fig:b17ri' multiply defined.


LaTeX Warning: Label `fig:proi' multiply defined.


LaTeX Warning: Label `sub@fig:proi' multiply defined.


LaTeX Warning: Label `fig:b12di' multiply defined.


LaTeX Warning: Label `sub@fig:b12di' multiply defined.


LaTeX Warning: Label `fig:b151i' multiply defined.


LaTeX Warning: Label `sub@fig:b151i' multiply defined.


LaTeX Warning: Label `fig:b17ai' multiply defined.


LaTeX Warning: Label `sub@fig:b17ai' multiply defined.


LaTeX Warning: Label `fig:b17ci' multiply defined.


LaTeX Warning: Label `sub@fig:b17ci' multiply defined.


LaTeX Warning: Label `fig:sepsisi' multiply defined.


LaTeX Warning: Label `sub@fig:sepsisi' multiply defined.


LaTeX Warning: Label `fig:b11i' multiply defined.


LaTeX Warning: Label `sub@fig:b11i' multiply defined.


LaTeX Warning: Label `fig:b12ai' multiply defined.


LaTeX Warning: Label `sub@fig:b12ai' multiply defined.


LaTeX Warning: Label `fig:b12ci' multiply defined.


LaTeX Warning: Label `sub@fig:b12ci' multiply defined.


LaTeX Warning: Label `fig:b17ri' multiply defined.


LaTeX Warning: Label `sub@fig:b17ri' multiply defined.


LaTeX Warning: Label `fig:proi' multiply defined.


LaTeX Warning: Label `sub@fig:proi' multiply defined.

)
\openout1 = `thesis.aux'.

LaTeX Font Info:    Checking defaults for OML/cmm/m/it on input line 123.
LaTeX Font Info:    ... okay on input line 123.
LaTeX Font Info:    Checking defaults for T1/cmr/m/n on input line 123.
LaTeX Font Info:    ... okay on input line 123.
LaTeX Font Info:    Checking defaults for OT1/cmr/m/n on input line 123.
LaTeX Font Info:    ... okay on input line 123.
LaTeX Font Info:    Checking defaults for OMS/cmsy/m/n on input line 123.
LaTeX Font Info:    ... okay on input line 123.
LaTeX Font Info:    Checking defaults for OMX/cmex/m/n on input line 123.
LaTeX Font Info:    ... okay on input line 123.
LaTeX Font Info:    Checking defaults for U/cmr/m/n on input line 123.
LaTeX Font Info:    ... okay on input line 123.
LaTeX Font Info:    Checking defaults for PD1/pdf/m/n on input line 123.
LaTeX Font Info:    ... okay on input line 123.
LaTeX Font Info:    Checking defaults for PU/pdf/m/n on input line 123.
LaTeX Font Info:    ... okay on input line 123.
Package caption Info: Begin \AtBeginDocument code.
Package caption Info: float package is loaded.
Package caption Info: hyperref package is loaded.
Package caption Info: End \AtBeginDocument code.
\AtBeginShipoutBox=\box58
Package backref Info: ** backref set up for natbib ** on input line 123.
Package hyperref Info: Link coloring ON on input line 123.
 (/usr/share/texlive/texmf-dist/tex/latex/hyperref/nameref.sty
Package: nameref 2012/10/27 v2.43 Cross-referencing by name of section

(/usr/share/texlive/texmf-dist/tex/generic/oberdiek/gettitlestring.sty
Package: gettitlestring 2010/12/03 v1.4 Cleanup title references (HO)
)
\c@section@level=\count138
)
LaTeX Info: Redefining \ref on input line 123.
LaTeX Info: Redefining \pageref on input line 123.
LaTeX Info: Redefining \nameref on input line 123.

(./thesis.out) (./thesis.out)
\@outlinefile=\write4
\openout4 = `thesis.out'.

\openout2 = `title_page/stardard_page.aux'.

 (./title_page/stardard_page.tex
LaTeX Font Info:    Try loading font information for U+msa on input line 50.

(/usr/share/texlive/texmf-dist/tex/latex/amsfonts/umsa.fd
File: umsa.fd 2013/01/14 v3.01 AMS symbols A
)
LaTeX Font Info:    Try loading font information for U+msb on input line 50.

(/usr/share/texlive/texmf-dist/tex/latex/amsfonts/umsb.fd
File: umsb.fd 2013/01/14 v3.01 AMS symbols B
)
(/usr/share/texlive/texmf-dist/tex/generic/oberdiek/se-ascii-print.def
File: se-ascii-print.def 2011/12/02 v1.10 stringenc: Printable ASCII characters

)
[1





])
\openout2 = `0_frontmatter/abstract.aux'.

 (./0_frontmatter/abstract.tex [2


]
Missing character: There is no ü in font cmr10!
Missing character: There is no ä in font cmr10!
Missing character: There is no ä in font cmr10!
 [3]) (./thesis.toc [4
\FN@pp@footnotehinttrue 


] [5])
\tf@toc=\write5
\openout5 = `thesis.toc'.

 [6] (./thesis.lof [7

] [8] [9])
\tf@lof=\write6
\openout6 = `thesis.lof'.

 [10] (./thesis.lot [11

])
\tf@lot=\write7
\openout7 = `thesis.lot'.

 [12]
\openout2 = `0_frontmatter/acknowledgement.aux'.


(./0_frontmatter/acknowledgement.tex [1


])
\openout2 = `1_introduction/introduction.aux'.

 (./1_introduction/introduction.tex
 1.
\c@definition=\count139
[2



]
File: images/general/pm_new.pdf Graphic file (type QTm)
 <use  "images/general/pm_new.pdf" >
Missing character: There is no ’ in font cmr10!
 [3]
File: images/general/et.pdf Graphic file (type QTm)
 <use  "images/general/et.pdf" >
File: images/general/attr.pdf Graphic file (type QTm)

<use  "images/general/attr.pdf" > [4] [5]
File: images/general/pmwf.pdf Graphic file (type QTm)
 <use  "images/general/pmwf.pdf" >
File: images/general/runtr.pdf Graphic file (type QTm)

<use  "images/general/runtr.pdf" > [6]
Missing character: There is no ’ in font cmr10!
 [7] [8]) [9]
\openout2 = `2/stateofart.aux'.

 (./2/stateofart.tex
 2.
[10



]
Missing character: There is no ’ in font cmr10!
Missing character: There is no ’ in font cmr10!
File: images/general/ml1.pdf Graphic file (type QTm)
 <use  "images/general/ml1.pdf" >
Missing character: There is no ’ in font cmr10!
 [11] [12]
Missing character: There is no ’ in font cmr10!
Missing character: There is no ’ in font cmr10!
Missing character: There is no ’ in font cmr10!
 [13]
File: images/general/cm.pdf Graphic file (type QTm)

<use  "images/general/cm.pdf" >
Missing character: There is no ’ in font cmr10!
Missing character: There is no ’ in font cmr10!
 [14]
File: images/general/roc.pdf Graphic file (type QTm)
 <use  "images/general/roc.pdf" > [15]
[16] [17]
Missing character: There is no ’ in font cmr10!
 [18] [19]) [20]
\openout2 = `3/researchquestion.aux'.

 (./3/researchquestion.tex
 3.
[21



] [22]
File: images/general/ppmwf.pdf Graphic file (type QTm)
 <use  "images/general/ppmwf.pdf" >
Missing character: There is no ’ in font cmr10!
 [23] [24] [25] [26]
File: images/general/enc1.pdf Graphic file (type QTm)

<use  "images/general/enc1.pdf" >
Underfull \vbox (badness 3148) has occurred while \output is active []

 [27]
File: images/general/tax.pdf Graphic file (type QTm)

<use  "images/general/tax.pdf" > [28] [29]) [30]
\openout2 = `3/contributions.aux'.

 (./3/contributions.tex
 4.
[31



]
File: images/general/catb.pdf Graphic file (type QTm)
 <use  "images/general/catb.pdf" > [32]
File: images/general/cat1.pdf Graphic file (type QTm)
 <use  "images/general/cat1.pdf" >
[33]
File: images/general/cat_enc.pdf Graphic file (type QTm)
 <use  "images/general/cat_enc.pdf" > [34]
File: images/general/dwt1.pdf Graphic file (type QTm)

<use  "images/general/dwt1.pdf" > [35]
File: images/general/dwt4.pdf Graphic file (type QTm)
 <use  "images/general/dwt4.pdf" >
[36] [37] [38]
File: images/general/dwt5.pdf Graphic file (type QTm)
 <use  "images/general/dwt5.pdf" > [39]
File: images/general/inter1.pdf Graphic file (type QTm)

<use  "images/general/inter1.pdf" > [40]) [41]
\openout2 = `4/casestudies.aux'.

 (./4/casestudies.tex
 5.
File: images/general/all2.pdf Graphic file (type QTm)
<use  "images/general/all2.pdf" > [42



]

LaTeX Warning: `h' float specifier changed to `ht'.

[43] [44] [45]
File: images/general/all3.pdf Graphic file (type QTm)
 <use  "images/general/all3.pdf" > [46]
Missing character: There is no ’ in font cmr10!
 [47]
Overfull \hbox (34.16933pt too wide) in paragraph at lines 187--198
[][] 
 []

[48]
File: images/general/dwtnew.pdf Graphic file (type QTm)
 <use  "images/general/dwtnew.pdf" > [49]
File: images/catboost/rplot_cd_classifiers.pdf Graphic file (type QTm)

<use  "images/catboost/rplot_cd_classifiers.pdf" >
Overfull \hbox (14.1993pt too wide) in paragraph at lines 244--245
 [] 
 []

File: images/catboost/rplot_cd_catboost.pdf Graphic file (type QTm)
<use  "images/catboost/rplot_cd_catboost.pdf" >
File: images/catboost/graphs/sepsis_1_CatBoost_xgboost.pdf Graphic file (type Q
Tm)

<use  "images/catboost/graphs/sepsis_1_CatBoost_xgboost.pdf" >
File: images/catboost/graphs/bpic2011_1_CatBoost_xgboost.pdf Graphic file (type
 QTm)

<use  "images/catboost/graphs/bpic2011_1_CatBoost_xgboost.pdf" >
File: images/catboost/graphs/bpic2012_A_CatBoost_xgboost.pdf Graphic file (type
 QTm)

<use  "images/catboost/graphs/bpic2012_A_CatBoost_xgboost.pdf" >
File: images/catboost/graphs/bpic2012_C_CatBoost_xgboost.pdf Graphic file (type
 QTm)

<use  "images/catboost/graphs/bpic2012_C_CatBoost_xgboost.pdf" >
File: images/catboost/graphs/bpic2012_D_CatBoost_xgboost.pdf Graphic file (type
 QTm)

<use  "images/catboost/graphs/bpic2012_D_CatBoost_xgboost.pdf" >
File: images/catboost/graphs/bpic2015_1_CatBoost_xgboost.pdf Graphic file (type
 QTm)

<use  "images/catboost/graphs/bpic2015_1_CatBoost_xgboost.pdf" >
File: images/catboost/graphs/bpic2017_A_CatBoost_xgboost.pdf Graphic file (type
 QTm)

<use  "images/catboost/graphs/bpic2017_A_CatBoost_xgboost.pdf" >
File: images/catboost/graphs/bpic2017_C_CatBoost_xgboost.pdf Graphic file (type
 QTm)

<use  "images/catboost/graphs/bpic2017_C_CatBoost_xgboost.pdf" >
File: images/catboost/graphs/bpic2017_R_CatBoost_xgboost.pdf Graphic file (type
 QTm)

<use  "images/catboost/graphs/bpic2017_R_CatBoost_xgboost.pdf" >
File: images/catboost/graphs/traffic_CatBoost_xgboost.pdf Graphic file (type QT
m)

<use  "images/catboost/graphs/traffic_CatBoost_xgboost.pdf" >
File: images/catboost/graphs/production_CatBoost_xgboost.pdf Graphic file (type
 QTm)

<use  "images/catboost/graphs/production_CatBoost_xgboost.pdf" > [50] [51]
[52] [53] [54] [55]
File: images/general/catwaveletexp.pdf Graphic file (type QTm)
 <use  "images/general/catwaveletexp.pdf" >
Overfull \hbox (33.42549pt too wide) in paragraph at lines 477--482
[][]  
 []


Overfull \hbox (52.07095pt too wide) in paragraph at lines 487--492
 [][]
 []

File: images/wavelet/rplot_cd_classifiers.pdf Graphic file (type QTm)
<use  "images/wavelet/rplot_cd_classifiers.pdf" >
Overfull \hbox (14.1993pt too wide) in paragraph at lines 585--586
 [] 
 []

[56

]
File: images/wavelet/rplot_cd_catboost.pdf Graphic file (type QTm)
 <use  "images/wavelet/rplot_cd_catboost.pdf" >
Overfull \hbox (14.1993pt too wide) in paragraph at lines 596--597
 [] 
 []


Underfull \vbox (badness 1033) has occurred while \output is active []

 [57]
[58]
File: images/wavelet/graphs2/sepsis_1.pdf Graphic file (type QTm)
 <use  "images/wavelet/graphs2/sepsis_1.pdf" >
Overfull \hbox (8.5167pt too wide) in paragraph at lines 617--618
[][]\OT1/cmr/m/n/10.95 = 
 []

File: images/wavelet/graphs2/bpic2011_1.pdf Graphic file (type QTm)
<use  "images/wavelet/graphs2/bpic2011_1.pdf" >
File: images/wavelet/graphs2/bpic2012_A.pdf Graphic file (type QTm)

<use  "images/wavelet/graphs2/bpic2012_A.pdf" >
File: images/wavelet/graphs2/bpic2012_C.pdf Graphic file (type QTm)

<use  "images/wavelet/graphs2/bpic2012_C.pdf" >
File: images/wavelet/graphs2/bpic2012_D.pdf Graphic file (type QTm)

<use  "images/wavelet/graphs2/bpic2012_D.pdf" >
File: images/wavelet/graphs2/bpic2015_1.pdf Graphic file (type QTm)

<use  "images/wavelet/graphs2/bpic2015_1.pdf" >
File: images/wavelet/graphs2/bpic2017_A.pdf Graphic file (type QTm)

<use  "images/wavelet/graphs2/bpic2017_A.pdf" >
File: images/wavelet/graphs2/bpic2017_C.pdf Graphic file (type QTm)

<use  "images/wavelet/graphs2/bpic2017_C.pdf" >
File: images/wavelet/graphs2/bpic2017_R.pdf Graphic file (type QTm)

<use  "images/wavelet/graphs2/bpic2017_R.pdf" >
File: images/wavelet/graphs2/traffic.pdf Graphic file (type QTm)

<use  "images/wavelet/graphs2/traffic.pdf" >
File: images/wavelet/graphs2/production.pdf Graphic file (type QTm)

<use  "images/wavelet/graphs2/production.pdf" > [59] [60] [61] [62]
File: images/general/inter1.pdf Graphic file (type QTm)

<use  "images/general/inter1.pdf" > [63

] [64]
File: images/inter/rplot_cd_classifiers.pdf Graphic file (type QTm)

<use  "images/inter/rplot_cd_classifiers.pdf" >
Overfull \hbox (14.1993pt too wide) in paragraph at lines 788--789
 [] 
 []

[65]
File: images/inter/rf/bpic2012_D.pdf Graphic file (type QTm)
 <use  "images/inter/rf/bpic2012_D.pdf" >
File: images/inter/rf/bpic2015_1.pdf Graphic file (type QTm)

<use  "images/inter/rf/bpic2015_1.pdf" >
File: images/inter/rf/bpic2017_A.pdf Graphic file (type QTm)

<use  "images/inter/rf/bpic2017_A.pdf" >
File: images/inter/rf/bpic2017_C.pdf Graphic file (type QTm)

<use  "images/inter/rf/bpic2017_C.pdf" >
File: images/inter/rf/sepsis_1.pdf Graphic file (type QTm)

<use  "images/inter/rf/sepsis_1.pdf" >
File: images/inter/rf/bpic2011_1.pdf Graphic file (type QTm)

<use  "images/inter/rf/bpic2011_1.pdf" >
File: images/inter/rf/bpic2012_A.pdf Graphic file (type QTm)

<use  "images/inter/rf/bpic2012_A.pdf" >
File: images/inter/rf/bpic2012_C.pdf Graphic file (type QTm)

<use  "images/inter/rf/bpic2012_C.pdf" >
File: images/inter/catboost/bpic2017_R.pdf Graphic file (type QTm)

<use  "images/inter/catboost/bpic2017_R.pdf" >
File: images/inter/catboost/production.pdf Graphic file (type QTm)

<use  "images/inter/catboost/production.pdf" > [66] [67] [68] [69]
File: images/shap/false_force_plot_sc.png Graphic file (type QTm)

<use  "images/shap/false_force_plot_sc.png" >
File: images/shap/true_fp.png Graphic file (type QTm)

<use  "images/shap/true_fp.png" > [70

]
File: images/shap/allsamples_ongoing.png Graphic file (type QTm)

<use  "images/shap/allsamples_ongoing.png" > [71]
File: images/shap/summary_plot.pdf Graphic file (type QTm)

<use  "images/shap/summary_plot.pdf" >
File: images/shap/feature_importance.pdf Graphic file (type QTm)

<use  "images/shap/feature_importance.pdf" >
File: images/shap/pdp_nr_ongoing.pdf Graphic file (type QTm)

<use  "images/shap/pdp_nr_ongoing.pdf" > [72]
Underfull \vbox (badness 10000) has occurred while \output is active []

 [73]
File: images/catboost/time/catboost/offline/bpic2017_A.pdf Graphic file (type Q
Tm)

<use  "images/catboost/time/catboost/offline/bpic2017_A.pdf" >
File: images/catboost/time/catboost/offline/traffic.pdf Graphic file (type QTm)


<use  "images/catboost/time/catboost/offline/traffic.pdf" >
File: images/catboost/time/catboost/offline/production.pdf Graphic file (type Q
Tm)

<use  "images/catboost/time/catboost/offline/production.pdf" >
File: images/catboost/time/catboost/offline/sepsis_1.pdf Graphic file (type QTm
)

<use  "images/catboost/time/catboost/offline/sepsis_1.pdf" >
File: images/catboost/time/catboost/online/bpic2017_R.pdf Graphic file (type QT
m)

<use  "images/catboost/time/catboost/online/bpic2017_R.pdf" >
File: images/catboost/time/catboost/online/sepsis_2.pdf Graphic file (type QTm)


<use  "images/catboost/time/catboost/online/sepsis_2.pdf" >

LaTeX Warning: Float too large for page by 34.18573pt on input line 1124.

[74] [75] [76]
File: images/wavelet/time/cat_production.pdf Graphic file (type QTm)
 <use  "images/wavelet/time/cat_production.pdf" >
File: images/wavelet/time/wavelet_production.pdf Graphic file (type QTm)

<use  "images/wavelet/time/wavelet_production.pdf" >
File: images/wavelet/time/p_c_production.pdf Graphic file (type QTm)

<use  "images/wavelet/time/p_c_production.pdf" >
File: images/wavelet/time/p_w_production.pdf Graphic file (type QTm)

<use  "images/wavelet/time/p_w_production.pdf" >

LaTeX Warning: Float too large for page by 35.45921pt on input line 1283.

[77] [78]

LaTeX Warning: Float too large for page by 102.4446pt on input line 1398.

[79] [80]) [81]
\openout2 = `5/conclusions.aux'.

 (./5/conclusions.tex
 6.
[82



]) [83] (./thesis.bbl (./thesis.brf)
\tf@brf=\write8
\openout8 = `thesis.brf'.

 [84


]
Missing character: There is no ’ in font cmr6!
) [85] [86

]
Appendix A.
[87

]
Appendix B.
LaTeX Font Info:    Try loading font information for OMS+cmr on input line 359.

(/usr/share/texlive/texmf-dist/tex/latex/base/omscmr.fd
File: omscmr.fd 1999/05/25 v2.5h Standard LaTeX font definitions
)
LaTeX Font Info:    Font shape `OMS/cmr/m/n' in size <10.95> not available
(Font)              Font shape `OMS/cmsy/m/n' tried instead on input line 359.
 [88

] [89]
File: images/catboost/graphslogit/sepsis_1_CatBoost_logit.pdf Graphic file (typ
e QTm)

<use  "images/catboost/graphslogit/sepsis_1_CatBoost_logit.pdf" >
File: images/catboost/graphslogit/bpic2011_1_CatBoost_logit.pdf Graphic file (t
ype QTm)

<use  "images/catboost/graphslogit/bpic2011_1_CatBoost_logit.pdf" >
File: images/catboost/graphslogit/bpic2012_A_CatBoost_logit.pdf Graphic file (t
ype QTm)

<use  "images/catboost/graphslogit/bpic2012_A_CatBoost_logit.pdf" >
File: images/catboost/graphslogit/bpic2012_C_CatBoost_logit.pdf Graphic file (t
ype QTm)

<use  "images/catboost/graphslogit/bpic2012_C_CatBoost_logit.pdf" >
File: images/catboost/graphslogit/bpic2012_D_CatBoost_logit.pdf Graphic file (t
ype QTm)

<use  "images/catboost/graphslogit/bpic2012_D_CatBoost_logit.pdf" >
File: images/catboost/graphslogit/bpic2015_1_CatBoost_logit.pdf Graphic file (t
ype QTm)

<use  "images/catboost/graphslogit/bpic2015_1_CatBoost_logit.pdf" >
File: images/catboost/graphslogit/bpic2017_A_CatBoost_logit.pdf Graphic file (t
ype QTm)

<use  "images/catboost/graphslogit/bpic2017_A_CatBoost_logit.pdf" >
File: images/catboost/graphslogit/bpic2017_C_CatBoost_logit.pdf Graphic file (t
ype QTm)

<use  "images/catboost/graphslogit/bpic2017_C_CatBoost_logit.pdf" >
File: images/catboost/graphslogit/bpic2017_R_CatBoost_logit.pdf Graphic file (t
ype QTm)

<use  "images/catboost/graphslogit/bpic2017_R_CatBoost_logit.pdf" >
File: images/catboost/graphslogit/traffic_CatBoost_logit.pdf Graphic file (type
 QTm)

<use  "images/catboost/graphslogit/traffic_CatBoost_logit.pdf" >
File: images/catboost/graphslogit/production_CatBoost_logit.pdf Graphic file (t
ype QTm)

<use  "images/catboost/graphslogit/production_CatBoost_logit.pdf" >
File: images/catboost/graphsrf/sepsis_1_CatBoost_rf.pdf Graphic file (type QTm)


<use  "images/catboost/graphsrf/sepsis_1_CatBoost_rf.pdf" >
File: images/catboost/graphsrf/bpic2011_1_CatBoost_rf.pdf Graphic file (type QT
m)

<use  "images/catboost/graphsrf/bpic2011_1_CatBoost_rf.pdf" >
File: images/catboost/graphsrf/bpic2012_A_CatBoost_rf.pdf Graphic file (type QT
m)

<use  "images/catboost/graphsrf/bpic2012_A_CatBoost_rf.pdf" >
File: images/catboost/graphsrf/bpic2012_C_CatBoost_rf.pdf Graphic file (type QT
m)

<use  "images/catboost/graphsrf/bpic2012_C_CatBoost_rf.pdf" >
File: images/catboost/graphsrf/bpic2012_D_CatBoost_rf.pdf Graphic file (type QT
m)

<use  "images/catboost/graphsrf/bpic2012_D_CatBoost_rf.pdf" >
File: images/catboost/graphsrf/bpic2015_1_CatBoost_rf.pdf Graphic file (type QT
m)

<use  "images/catboost/graphsrf/bpic2015_1_CatBoost_rf.pdf" >
File: images/catboost/graphsrf/bpic2017_A_CatBoost_rf.pdf Graphic file (type QT
m)

<use  "images/catboost/graphsrf/bpic2017_A_CatBoost_rf.pdf" >
File: images/catboost/graphsrf/bpic2017_C_CatBoost_rf.pdf Graphic file (type QT
m)

<use  "images/catboost/graphsrf/bpic2017_C_CatBoost_rf.pdf" >
File: images/catboost/graphsrf/bpic2017_R_CatBoost_rf.pdf Graphic file (type QT
m)

<use  "images/catboost/graphsrf/bpic2017_R_CatBoost_rf.pdf" >
File: images/catboost/graphsrf/traffic_CatBoost_rf.pdf Graphic file (type QTm)

<use  "images/catboost/graphsrf/traffic_CatBoost_rf.pdf" >
File: images/catboost/graphsrf/production_CatBoost_rf.pdf Graphic file (type QT
m)

<use  "images/catboost/graphsrf/production_CatBoost_rf.pdf" >
File: images/catboost/graphssvm/sepsis_1_CatBoost_svm.pdf Graphic file (type QT
m)

<use  "images/catboost/graphssvm/sepsis_1_CatBoost_svm.pdf" >
File: images/catboost/graphssvm/bpic2011_1_CatBoost_svm.pdf Graphic file (type 
QTm)

<use  "images/catboost/graphssvm/bpic2011_1_CatBoost_svm.pdf" >
File: images/catboost/graphssvm/bpic2012_A_CatBoost_svm.pdf Graphic file (type 
QTm)

<use  "images/catboost/graphssvm/bpic2012_A_CatBoost_svm.pdf" >
File: images/catboost/graphssvm/bpic2012_C_CatBoost_svm.pdf Graphic file (type 
QTm)

<use  "images/catboost/graphssvm/bpic2012_C_CatBoost_svm.pdf" >
File: images/catboost/graphssvm/bpic2012_D_CatBoost_svm.pdf Graphic file (type 
QTm)

<use  "images/catboost/graphssvm/bpic2012_D_CatBoost_svm.pdf" >
File: images/catboost/graphssvm/bpic2015_1_CatBoost_svm.pdf Graphic file (type 
QTm)

<use  "images/catboost/graphssvm/bpic2015_1_CatBoost_svm.pdf" >
File: images/catboost/graphssvm/bpic2017_A_CatBoost_svm.pdf Graphic file (type 
QTm)

<use  "images/catboost/graphssvm/bpic2017_A_CatBoost_svm.pdf" >
File: images/catboost/graphssvm/bpic2017_C_CatBoost_svm.pdf Graphic file (type 
QTm)

<use  "images/catboost/graphssvm/bpic2017_C_CatBoost_svm.pdf" >
File: images/catboost/graphssvm/bpic2017_R_CatBoost_svm.pdf Graphic file (type 
QTm)

<use  "images/catboost/graphssvm/bpic2017_R_CatBoost_svm.pdf" >
File: images/catboost/graphssvm/traffic_CatBoost_svm.pdf Graphic file (type QTm
)

<use  "images/catboost/graphssvm/traffic_CatBoost_svm.pdf" >
File: images/catboost/graphssvm/production_CatBoost_svm.pdf Graphic file (type 
QTm)

<use  "images/catboost/graphssvm/production_CatBoost_svm.pdf" >

LaTeX Warning: `h' float specifier changed to `ht'.


LaTeX Warning: `h' float specifier changed to `ht'.


LaTeX Warning: `h' float specifier changed to `ht'.


LaTeX Warning: `h' float specifier changed to `ht'.


LaTeX Warning: Float too large for page by 47.5149pt on input line 1003.


LaTeX Warning: `h' float specifier changed to `ht'.


LaTeX Warning: Float too large for page by 56.42929pt on input line 1111.


LaTeX Warning: `h' float specifier changed to `ht'.


LaTeX Warning: Float too large for page by 56.42929pt on input line 1219.


LaTeX Warning: `h' float specifier changed to `ht'.


LaTeX Warning: Float too large for page by 52.39659pt on input line 1327.


LaTeX Warning: `h' float specifier changed to `ht'.

[90] [91] [92] [93] [94] [95] [96] [97] [98] [99] [100] [101] [102] [103]
[104] [105] [106]
File: images/wavelet/graphs2cat/bpic2011_1.pdf Graphic file (type QTm)
 <use  "images/wavelet/graphs2cat/bpic2011_1.pdf" >
File: images/wavelet/graphs2cat/bpic2015_1.pdf Graphic file (type QTm)

<use  "images/wavelet/graphs2cat/bpic2015_1.pdf" >
File: images/wavelet/graphs2cat/sepsis_1.pdf Graphic file (type QTm)

<use  "images/wavelet/graphs2cat/sepsis_1.pdf" >
File: images/wavelet/graphs2cat/production.pdf Graphic file (type QTm)

<use  "images/wavelet/graphs2cat/production.pdf" >
File: images/wavelet/graphs2cat/bpic2012_A.pdf Graphic file (type QTm)

<use  "images/wavelet/graphs2cat/bpic2012_A.pdf" >
File: images/wavelet/graphs2cat/bpic2012_C.pdf Graphic file (type QTm)

<use  "images/wavelet/graphs2cat/bpic2012_C.pdf" >
File: images/wavelet/graphs2cat/bpic2012_D.pdf Graphic file (type QTm)

<use  "images/wavelet/graphs2cat/bpic2012_D.pdf" >
File: images/wavelet/graphs2cat/traffic.pdf Graphic file (type QTm)

<use  "images/wavelet/graphs2cat/traffic.pdf" >
File: images/wavelet/graphs2cat/bpic2017_A.pdf Graphic file (type QTm)

<use  "images/wavelet/graphs2cat/bpic2017_A.pdf" >
File: images/wavelet/graphs2cat/bpic2017_C.pdf Graphic file (type QTm)

<use  "images/wavelet/graphs2cat/bpic2017_C.pdf" >
File: images/wavelet/graphs2cat/bpic2017_R.pdf Graphic file (type QTm)

<use  "images/wavelet/graphs2cat/bpic2017_R.pdf" >
File: images/wavelet/graphs2logit/bpic2011_1.pdf Graphic file (type QTm)

<use  "images/wavelet/graphs2logit/bpic2011_1.pdf" >
File: images/wavelet/graphs2logit/bpic2015_1.pdf Graphic file (type QTm)

<use  "images/wavelet/graphs2logit/bpic2015_1.pdf" >
File: images/wavelet/graphs2logit/sepsis_1.pdf Graphic file (type QTm)

<use  "images/wavelet/graphs2logit/sepsis_1.pdf" >
File: images/wavelet/graphs2logit/production.pdf Graphic file (type QTm)

<use  "images/wavelet/graphs2logit/production.pdf" >
File: images/wavelet/graphs2logit/bpic2012_A.pdf Graphic file (type QTm)

<use  "images/wavelet/graphs2logit/bpic2012_A.pdf" >
File: images/wavelet/graphs2logit/bpic2012_C.pdf Graphic file (type QTm)

<use  "images/wavelet/graphs2logit/bpic2012_C.pdf" >
File: images/wavelet/graphs2logit/bpic2012_D.pdf Graphic file (type QTm)

<use  "images/wavelet/graphs2logit/bpic2012_D.pdf" >
File: images/wavelet/graphs2cat/traffic.pdf Graphic file (type QTm)

<use  "images/wavelet/graphs2cat/traffic.pdf" >
File: images/wavelet/graphs2logit/bpic2017_A.pdf Graphic file (type QTm)

<use  "images/wavelet/graphs2logit/bpic2017_A.pdf" >
File: images/wavelet/graphs2logit/bpic2017_C.pdf Graphic file (type QTm)

<use  "images/wavelet/graphs2logit/bpic2017_C.pdf" >
File: images/wavelet/graphs2logit/bpic2017_R.pdf Graphic file (type QTm)

<use  "images/wavelet/graphs2logit/bpic2017_R.pdf" >
File: images/wavelet/graphs2rf/bpic2011_1.pdf Graphic file (type QTm)

<use  "images/wavelet/graphs2rf/bpic2011_1.pdf" >
File: images/wavelet/graphs2rf/bpic2015_1.pdf Graphic file (type QTm)

<use  "images/wavelet/graphs2rf/bpic2015_1.pdf" >
File: images/wavelet/graphs2rf/sepsis_1.pdf Graphic file (type QTm)

<use  "images/wavelet/graphs2rf/sepsis_1.pdf" >
File: images/wavelet/graphs2rf/production.pdf Graphic file (type QTm)

<use  "images/wavelet/graphs2rf/production.pdf" >
File: images/wavelet/graphs2rf/bpic2012_A.pdf Graphic file (type QTm)

<use  "images/wavelet/graphs2rf/bpic2012_A.pdf" >
File: images/wavelet/graphs2rf/bpic2012_C.pdf Graphic file (type QTm)

<use  "images/wavelet/graphs2rf/bpic2012_C.pdf" >
File: images/wavelet/graphs2rf/bpic2012_D.pdf Graphic file (type QTm)

<use  "images/wavelet/graphs2rf/bpic2012_D.pdf" >
File: images/wavelet/graphs2rf/traffic.pdf Graphic file (type QTm)

<use  "images/wavelet/graphs2rf/traffic.pdf" >
File: images/wavelet/graphs2rf/bpic2017_A.pdf Graphic file (type QTm)

<use  "images/wavelet/graphs2rf/bpic2017_A.pdf" >
File: images/wavelet/graphs2rf/bpic2017_C.pdf Graphic file (type QTm)

<use  "images/wavelet/graphs2rf/bpic2017_C.pdf" >
File: images/wavelet/graphs2rf/bpic2017_R.pdf Graphic file (type QTm)

<use  "images/wavelet/graphs2rf/bpic2017_R.pdf" >
File: images/wavelet/graphs2svm/bpic2011_1.pdf Graphic file (type QTm)

<use  "images/wavelet/graphs2svm/bpic2011_1.pdf" >
File: images/wavelet/graphs2svm/bpic2015_1.pdf Graphic file (type QTm)

<use  "images/wavelet/graphs2svm/bpic2015_1.pdf" >
File: images/wavelet/graphs2svm/sepsis_1.pdf Graphic file (type QTm)

<use  "images/wavelet/graphs2svm/sepsis_1.pdf" >
File: images/wavelet/graphs2svm/production.pdf Graphic file (type QTm)

<use  "images/wavelet/graphs2svm/production.pdf" >
File: images/wavelet/graphs2svm/bpic2012_A.pdf Graphic file (type QTm)

<use  "images/wavelet/graphs2svm/bpic2012_A.pdf" >
File: images/wavelet/graphs2svm/bpic2012_C.pdf Graphic file (type QTm)

<use  "images/wavelet/graphs2svm/bpic2012_C.pdf" >
File: images/wavelet/graphs2svm/bpic2012_D.pdf Graphic file (type QTm)

<use  "images/wavelet/graphs2svm/bpic2012_D.pdf" >
File: images/wavelet/graphs2svm/traffic.pdf Graphic file (type QTm)

<use  "images/wavelet/graphs2svm/traffic.pdf" >
File: images/wavelet/graphs2svm/bpic2017_A.pdf Graphic file (type QTm)

<use  "images/wavelet/graphs2svm/bpic2017_A.pdf" >
File: images/wavelet/graphs2svm/bpic2017_C.pdf Graphic file (type QTm)

<use  "images/wavelet/graphs2svm/bpic2017_C.pdf" >
File: images/wavelet/graphs2svm/bpic2017_R.pdf Graphic file (type QTm)

<use  "images/wavelet/graphs2svm/bpic2017_R.pdf" >

LaTeX Warning: `h' float specifier changed to `ht'.


LaTeX Warning: `h' float specifier changed to `ht'.


LaTeX Warning: `h' float specifier changed to `ht'.


LaTeX Warning: `h' float specifier changed to `ht'.


LaTeX Warning: Float too large for page by 5.97801pt on input line 2074.


LaTeX Warning: `h' float specifier changed to `ht'.


LaTeX Warning: `h' float specifier changed to `ht'.

[107


] [108] [109] [110] [111] [112] [113] [114] [115] [116] [117] [118]
[119] [120] [121] [122] [123] [124]

LaTeX Warning: Float too large for page by 14.51038pt on input line 2293.


LaTeX Warning: `h' float specifier changed to `ht'.


LaTeX Warning: `h' float specifier changed to `ht'.

File: images/inter/catboost/bpic2012_D.pdf Graphic file (type QTm)
<use  "images/inter/catboost/bpic2012_D.pdf" >
File: images/inter/catboost/bpic2015_1.pdf Graphic file (type QTm)

<use  "images/inter/catboost/bpic2015_1.pdf" >
File: images/inter/catboost/bpic2017_A.pdf Graphic file (type QTm)

<use  "images/inter/catboost/bpic2017_A.pdf" >
File: images/inter/catboost/bpic2017_C.pdf Graphic file (type QTm)

<use  "images/inter/catboost/bpic2017_C.pdf" >
File: images/inter/catboost/sepsis_1.pdf Graphic file (type QTm)

<use  "images/inter/catboost/sepsis_1.pdf" >
File: images/inter/catboost/bpic2011_1.pdf Graphic file (type QTm)

<use  "images/inter/catboost/bpic2011_1.pdf" >
File: images/inter/catboost/bpic2012_A.pdf Graphic file (type QTm)

<use  "images/inter/catboost/bpic2012_A.pdf" >
File: images/inter/catboost/bpic2012_C.pdf Graphic file (type QTm)

<use  "images/inter/catboost/bpic2012_C.pdf" >
File: images/inter/catboost/bpic2017_R.pdf Graphic file (type QTm)

<use  "images/inter/catboost/bpic2017_R.pdf" >
File: images/inter/catboost/production.pdf Graphic file (type QTm)

<use  "images/inter/catboost/production.pdf" >
File: images/inter/xgboost/bpic2012_D.pdf Graphic file (type QTm)

<use  "images/inter/xgboost/bpic2012_D.pdf" >
File: images/inter/xgboost/bpic2015_1.pdf Graphic file (type QTm)

<use  "images/inter/xgboost/bpic2015_1.pdf" >
File: images/inter/xgboost/bpic2017_A.pdf Graphic file (type QTm)

<use  "images/inter/xgboost/bpic2017_A.pdf" >
File: images/inter/xgboost/bpic2017_C.pdf Graphic file (type QTm)

<use  "images/inter/xgboost/bpic2017_C.pdf" >
File: images/inter/xgboost/sepsis_1.pdf Graphic file (type QTm)

<use  "images/inter/xgboost/sepsis_1.pdf" >
File: images/inter/xgboost/bpic2011_1.pdf Graphic file (type QTm)

<use  "images/inter/xgboost/bpic2011_1.pdf" >
File: images/inter/xgboost/bpic2012_A.pdf Graphic file (type QTm)

<use  "images/inter/xgboost/bpic2012_A.pdf" >
File: images/inter/xgboost/bpic2012_C.pdf Graphic file (type QTm)

<use  "images/inter/xgboost/bpic2012_C.pdf" >
File: images/inter/xgboost/bpic2017_R.pdf Graphic file (type QTm)

<use  "images/inter/xgboost/bpic2017_R.pdf" >
File: images/inter/xgboost/production.pdf Graphic file (type QTm)

<use  "images/inter/xgboost/production.pdf" >
File: images/inter/logit/bpic2012_D.pdf Graphic file (type QTm)

<use  "images/inter/logit/bpic2012_D.pdf" >
File: images/inter/logit/bpic2015_1.pdf Graphic file (type QTm)

<use  "images/inter/logit/bpic2015_1.pdf" >
File: images/inter/logit/bpic2017_A.pdf Graphic file (type QTm)

<use  "images/inter/logit/bpic2017_A.pdf" >
File: images/inter/logit/bpic2017_C.pdf Graphic file (type QTm)

<use  "images/inter/logit/bpic2017_C.pdf" >
File: images/inter/logit/sepsis_1.pdf Graphic file (type QTm)

<use  "images/inter/logit/sepsis_1.pdf" >
File: images/inter/logit/bpic2011_1.pdf Graphic file (type QTm)

<use  "images/inter/logit/bpic2011_1.pdf" >
File: images/inter/logit/bpic2012_A.pdf Graphic file (type QTm)

<use  "images/inter/logit/bpic2012_A.pdf" >
File: images/inter/logit/bpic2012_C.pdf Graphic file (type QTm)

<use  "images/inter/logit/bpic2012_C.pdf" >
File: images/inter/logit/bpic2017_R.pdf Graphic file (type QTm)

<use  "images/inter/logit/bpic2017_R.pdf" >
File: images/inter/logit//production.pdf Graphic file (type QTm)

<use  "images/inter/logit//production.pdf" >
File: images/inter/svm/bpic2012_D.pdf Graphic file (type QTm)

<use  "images/inter/svm/bpic2012_D.pdf" >
File: images/inter/svm/bpic2015_1.pdf Graphic file (type QTm)

<use  "images/inter/svm/bpic2015_1.pdf" >
File: images/inter/svm/bpic2017_A.pdf Graphic file (type QTm)

<use  "images/inter/svm/bpic2017_A.pdf" >
File: images/inter/svm/bpic2017_C.pdf Graphic file (type QTm)

<use  "images/inter/svm/bpic2017_C.pdf" >
File: images/inter/svm/sepsis_1.pdf Graphic file (type QTm)

<use  "images/inter/svm/sepsis_1.pdf" >
File: images/inter/svm/bpic2011_1.pdf Graphic file (type QTm)

<use  "images/inter/svm/bpic2011_1.pdf" >
File: images/inter/svm/bpic2012_A.pdf Graphic file (type QTm)

<use  "images/inter/svm/bpic2012_A.pdf" >
File: images/inter/svm/bpic2012_C.pdf Graphic file (type QTm)

<use  "images/inter/svm/bpic2012_C.pdf" >
File: images/inter/svm/bpic2017_R.pdf Graphic file (type QTm)

<use  "images/inter/svm/bpic2017_R.pdf" >
File: images/inter/svm/production.pdf Graphic file (type QTm)

<use  "images/inter/svm/production.pdf" >

LaTeX Warning: `h' float specifier changed to `ht'.


LaTeX Warning: `h' float specifier changed to `ht'.


LaTeX Warning: `h' float specifier changed to `ht'.


LaTeX Warning: `h' float specifier changed to `ht'.

[125

] [126] [127] [128] [129] [130] [131] [132] [133] [134] [135] [136]
[137] [138] [139] [140] [141] [142]

LaTeX Warning: Float too large for page by 102.4446pt on input line 3097.


LaTeX Warning: Float too large for page by 102.4446pt on input line 3207.


LaTeX Warning: Float too large for page by 102.4446pt on input line 3318.


LaTeX Warning: Float too large for page by 102.4446pt on input line 3430.

[143] [144] [145] [146]
Package atveryend Info: Empty hook `BeforeClearDocument' on input line 3446.
Package atveryend Info: Empty hook `AfterLastShipout' on input line 3446.
 (./thesis.aux (./title_page/stardard_page.aux)
(./0_frontmatter/abstract.aux) (./0_frontmatter/acknowledgement.aux)
(./1_introduction/introduction.aux) (./2/stateofart.aux)
(./3/researchquestion.aux) (./3/contributions.aux) (./4/casestudies.aux)
(./5/conclusions.aux))
Package atveryend Info: Empty hook `AtVeryEndDocument' on input line 3446.
Package atveryend Info: Empty hook `AtEndAfterFileList' on input line 3446.


LaTeX Warning: There were multiply-defined labels.

Package atveryend Info: Empty hook `AtVeryVeryEnd' on input line 3446.
 ) 
Here is how much of TeX's memory you used:
 13431 strings out of 493925
 199809 string characters out of 6150908
 565849 words of memory out of 5000000
 16344 multiletter control sequences out of 15000+600000
 20233 words of font info for 74 fonts, out of 8000000 for 9000
 1144 hyphenation exceptions out of 8191
 43i,21n,50p,2761b,699s stack positions out of 5000i,500n,10000p,200000b,80000s

Output written on thesis.pdf (158 pages).
