\BOOKMARK [0][]{chapter*.2}{List\040of\040Figures}{}% 1
\BOOKMARK [0][]{chapter*.3}{List\040of\040Tables}{}% 2
\BOOKMARK [0][]{chapter.1}{1\040Introduction}{}% 3
\BOOKMARK [1][]{section.1.1}{1.1\040Introduction}{chapter.1}% 4
\BOOKMARK [2][]{subsection.1.1.1}{1.1.1\040Process\040mining}{section.1.1}% 5
\BOOKMARK [2][]{subsection.1.1.2}{1.1.2\040Predictive\040process\040monitoring\(PPM\)}{section.1.1}% 6
\BOOKMARK [2][]{subsection.1.1.3}{1.1.3\040Problem\040statement}{section.1.1}% 7
\BOOKMARK [2][]{subsection.1.1.4}{1.1.4\040Contributions}{section.1.1}% 8
\BOOKMARK [0][]{chapter.2}{2\040Background}{}% 9
\BOOKMARK [1][]{section.2.1}{2.1\040Machine\040learning}{chapter.2}% 10
\BOOKMARK [1][]{section.2.2}{2.2\040Machine\040learning\040work-flow.}{chapter.2}% 11
\BOOKMARK [1][]{section.2.3}{2.3\040Evaluation\040metrics\040and\040experimental\040setups}{chapter.2}% 12
\BOOKMARK [2][]{subsection.2.3.1}{2.3.1\040\040Evaluation\040metrics}{section.2.3}% 13
\BOOKMARK [1][]{section.2.4}{2.4\040Classification\040algorithms}{chapter.2}% 14
\BOOKMARK [1][]{section.2.5}{2.5\040Early\040classification\040and\040sequence\040encoding\040approaches}{chapter.2}% 15
\BOOKMARK [0][]{chapter.3}{3\040Literature\040review}{}% 16
\BOOKMARK [1][]{section.3.1}{3.1\040Outcome-oriented\040PPM\040methods\040and\040Taxonomy}{chapter.3}% 17
\BOOKMARK [2][]{subsection.3.1.1}{3.1.1\040Outcome-oriented\040PPM\040Basics\040and\040work-flow.}{section.3.1}% 18
\BOOKMARK [2][]{subsection.3.1.2}{3.1.2\040Prefix\040extraction}{section.3.1}% 19
\BOOKMARK [2][]{subsection.3.1.3}{3.1.3\040Trace\040bucketing}{section.3.1}% 20
\BOOKMARK [2][]{subsection.3.1.4}{3.1.4\040Sequence\040encoding}{section.3.1}% 21
\BOOKMARK [2][]{subsection.3.1.5}{3.1.5\040Classification\040algorithms}{section.3.1}% 22
\BOOKMARK [2][]{subsection.3.1.6}{3.1.6\040Discussion}{section.3.1}% 23
\BOOKMARK [1][]{section.3.2}{3.2\040Evaluation\040measures\040and\040experimental\040settings}{chapter.3}% 24
\BOOKMARK [1][]{section.3.3}{3.3\040Summary}{chapter.3}% 25
\BOOKMARK [0][]{chapter.4}{4\040Proposed\040Methods}{}% 26
\BOOKMARK [1][]{section.4.1}{4.1\040CatBoost}{chapter.4}% 27
\BOOKMARK [1][]{section.4.2}{4.2\040Complex\040Sequence\040Encoding}{chapter.4}% 28
\BOOKMARK [2][]{subsection.4.2.1}{4.2.1\040Lossless\040encoding\040using\040Discrete\040Wavelet\040Transformation.}{section.4.2}% 29
\BOOKMARK [2][]{subsection.4.2.2}{4.2.2\040DWT\040and\040autoencoder\040Neural\040network}{section.4.2}% 30
\BOOKMARK [1][]{section.4.3}{4.3\040Inter-case\040features}{chapter.4}% 31
\BOOKMARK [1][]{section.4.4}{4.4\040Summary}{chapter.4}% 32
\BOOKMARK [0][]{chapter.5}{5\040Experimental\040Setting\040and\040Results}{}% 33
\BOOKMARK [1][]{section.5.1}{5.1\040Datasets}{chapter.5}% 34
\BOOKMARK [1][]{section.5.2}{5.2\040Experimental\040setup}{chapter.5}% 35
\BOOKMARK [2][]{subsection.5.2.1}{5.2.1\040\040Data\040Preprocessing}{section.5.2}% 36
\BOOKMARK [2][]{subsection.5.2.2}{5.2.2\040Data\040splits}{section.5.2}% 37
\BOOKMARK [2][]{subsection.5.2.3}{5.2.3\040Evaluation\040Metrics}{section.5.2}% 38
\BOOKMARK [2][]{subsection.5.2.4}{5.2.4\040Baselines}{section.5.2}% 39
\BOOKMARK [2][]{subsection.5.2.5}{5.2.5\040Hyper-parameter\040Optimization}{section.5.2}% 40
\BOOKMARK [1][]{section.5.3}{5.3\040Results:\040accuracy\040and\040earliness}{chapter.5}% 41
\BOOKMARK [2][]{subsection.5.3.1}{5.3.1\040Contribution\0401:\040\(CatBoost\040results\)}{section.5.3}% 42
\BOOKMARK [2][]{subsection.5.3.2}{5.3.2\040Contribution\0402:\040Complex\040sequence\040encoding\040\(Wavelet\)\040results:}{section.5.3}% 43
\BOOKMARK [2][]{subsection.5.3.3}{5.3.3\040Contribution\0403:\040Inter-case\040features\040results}{section.5.3}% 44
\BOOKMARK [3][]{subsubsection.5.3.3.1}{5.3.3.1\040Inter-case\040features\040interpretability}{subsection.5.3.3}% 45
\BOOKMARK [1][]{section.5.4}{5.4\040Results:\040time\040performance}{chapter.5}% 46
\BOOKMARK [2][]{subsection.5.4.1}{5.4.1\040CatBoost\040results:}{section.5.4}% 47
\BOOKMARK [2][]{subsection.5.4.2}{5.4.2\040Complex\040sequence\040encoding\040\(Wavelet\)\040results:}{section.5.4}% 48
\BOOKMARK [2][]{subsection.5.4.3}{5.4.3\040Inter-case\040features\040results}{section.5.4}% 49
\BOOKMARK [1][]{section.5.5}{5.5\040Summary}{chapter.5}% 50
\BOOKMARK [0][]{chapter.6}{6\040Conclusions\040and\040Future\040work}{}% 51
\BOOKMARK [1][]{section.6.1}{6.1\040Conclusion}{chapter.6}% 52
\BOOKMARK [1][]{section.6.2}{6.2\040Future\040work}{chapter.6}% 53
\BOOKMARK [0][]{chapter*.51}{Bibliography}{}% 54
\BOOKMARK [0][]{appendix.A}{A\040Appendix\040A.\040Source\040Code\040Repository}{}% 55
\BOOKMARK [0][]{appendix.B}{B\040Appendix\040B.\040Results}{}% 56
